0 info it worked if it ends with ok
1 verbose cli [ '/usr/local/bin/node', '/usr/local/bin/npm', 'run', 'watch' ]
2 info using npm@3.10.10
3 info using node@v6.10.0
4 verbose run-script [ 'prewatch', 'watch', 'postwatch' ]
5 info lifecycle kpi@0.1.1~prewatch: kpi@0.1.1
6 silly lifecycle kpi@0.1.1~prewatch: no script for prewatch, continuing
7 info lifecycle kpi@0.1.1~watch: kpi@0.1.1
8 verbose lifecycle kpi@0.1.1~watch: unsafe-perm in lifecycle true
9 verbose lifecycle kpi@0.1.1~watch: PATH: /usr/local/lib/node_modules/npm/bin/node-gyp-bin:/Users/adkgroup/Desktop/Kobo/kpi/node_modules/.bin:/Users/adkgroup/.rbenv/shims:/usr/local/php5-5.6.27-20161101-100213/bin:/Users/adkgroup/Applications/bin:/Users/adkgroup/Applications/bin:/usr/local/php5/bin:/opt/local/bin:/opt/local/sbin:/usr/local/bin:/usr/bin:/bin:/usr/sbin:/sbin:/opt/X11/bin:/Applications/DevDesktop/tools:/Applications/DevDesktop/tools:/Applications/Postgres.app/Contents/Versions/9.6/bin
10 verbose lifecycle kpi@0.1.1~watch: CWD: /Users/adkgroup/Desktop/Kobo/kpi
11 silly lifecycle kpi@0.1.1~watch: Args: [ '-c', 'node webpack/dev.server.js' ]
12 silly lifecycle kpi@0.1.1~watch: Returned: code: 1  signal: null
13 info lifecycle kpi@0.1.1~watch: Failed to exec watch script
14 verbose stack Error: kpi@0.1.1 watch: `node webpack/dev.server.js`
14 verbose stack Exit status 1
14 verbose stack     at EventEmitter.<anonymous> (/usr/local/lib/node_modules/npm/lib/utils/lifecycle.js:255:16)
14 verbose stack     at emitTwo (events.js:106:13)
14 verbose stack     at EventEmitter.emit (events.js:191:7)
14 verbose stack     at ChildProcess.<anonymous> (/usr/local/lib/node_modules/npm/lib/utils/spawn.js:40:14)
14 verbose stack     at emitTwo (events.js:106:13)
14 verbose stack     at ChildProcess.emit (events.js:191:7)
14 verbose stack     at maybeClose (internal/child_process.js:877:16)
14 verbose stack     at Process.ChildProcess._handle.onexit (internal/child_process.js:226:5)
15 verbose pkgid kpi@0.1.1
16 verbose cwd /Users/adkgroup/Desktop/Kobo/kpi
17 error Darwin 15.6.0
18 error argv "/usr/local/bin/node" "/usr/local/bin/npm" "run" "watch"
19 error node v6.10.0
20 error npm  v3.10.10
21 error code ELIFECYCLE
22 error kpi@0.1.1 watch: `node webpack/dev.server.js`
22 error Exit status 1
23 error Failed at the kpi@0.1.1 watch script 'node webpack/dev.server.js'.
23 error Make sure you have the latest version of node.js and npm installed.
23 error If you do, this is most likely a problem with the kpi package,
23 error not with npm itself.
23 error Tell the author that this fails on your system:
23 error     node webpack/dev.server.js
23 error You can get information on how to open an issue for this project with:
23 error     npm bugs kpi
23 error Or if that isn't available, you can get their info via:
23 error     npm owner ls kpi
23 error There is likely additional logging output above.
24 verbose exit [ 1, true ]
